This is pdfTeX, Version 3.1415926-2.4-1.40.13 (TeX Live 2012) (format=pdflatex 2012.6.30)  15 NOV 2012 11:43
entering extended mode
 \write18 enabled.
 file:line:error style messages enabled.
 %&-line parsing enabled.
**/Users/allangamboa/Documents/Courses/Fall2012/Theoretical785/LaneEndenProj/StuffPutTogether/TSWLatexianTemp_000132.tex
(/Users/allangamboa/Documents/Courses/Fall2012/Theoretical785/LaneEndenProj/StuffPutTogether/TSWLatexianTemp_000132.tex
LaTeX2e <2011/06/27>
Babel <v3.8m> and hyphenation patterns for english, dumylang, nohyphenation, german-x-2012-05-30, ngerman-x-2012-05-30, afrikaans, ancientgreek, ibycus, arabic, armenian, basque, bulgarian, catalan, pinyin, coptic, croatian, czech, danish, dutch, ukenglish, usenglishmax, esperanto, estonian, ethiopic, farsi, finnish, french, friulan, galician, german, ngerman, swissgerman, monogreek, greek, hungarian, icelandic, assamese, bengali, gujarati, hindi, kannada, malayalam, marathi, oriya, panjabi, tamil, telugu, indonesian, interlingua, irish, italian, kurmanji, latin, latvian, lithuanian, mongolian, mongolianlmc, bokmal, nynorsk, polish, portuguese, romanian, romansh, russian, sanskrit, serbian, serbianc, slovak, slovenian, spanish, swedish, turkish, turkmen, ukrainian, uppersorbian, welsh, loaded.
(/usr/local/texlive/2012/texmf-dist/tex/latex/base/article.cls
Document Class: article 2007/10/19 v1.4h Standard LaTeX document class
(/usr/local/texlive/2012/texmf-dist/tex/latex/base/size12.clo
File: size12.clo 2007/10/19 v1.4h Standard LaTeX file (size option)
)
\c@part=\count79
\c@section=\count80
\c@subsection=\count81
\c@subsubsection=\count82
\c@paragraph=\count83
\c@subparagraph=\count84
\c@figure=\count85
\c@table=\count86
\abovecaptionskip=\skip41
\belowcaptionskip=\skip42
\bibindent=\dimen102
) (/usr/local/texlive/2012/texmf-dist/tex/latex/preprint/authblk.sty
Package: authblk 2009/11/18 1.3 (PWD)
\affilsep=\skip43
\@affilsep=\skip44
\c@Maxaffil=\count87
\c@authors=\count88
\c@affil=\count89
) (/usr/local/texlive/2012/texmf-dist/tex/latex/appendix/appendix.sty
Package: appendix 2009/09/02 v1.2b extra appendix facilities
\c@@pps=\count90
\c@@ppsavesec=\count91
\c@@ppsaveapp=\count92
) (/usr/local/texlive/2012/texmf-dist/tex/latex/comment/comment.sty
\CommentStream=\write3
 Excluding comment 'comment') (/usr/local/texlive/2012/texmf-dist/tex/latex/float/float.sty
Package: float 2001/11/08 v1.3d Float enhancements (AL)
\c@float@type=\count93
\float@exts=\toks14
\float@box=\box26
\@float@everytoks=\toks15
\@floatcapt=\box27
) (/usr/local/texlive/2012/texmf-dist/tex/latex/graphics/graphicx.sty
Package: graphicx 1999/02/16 v1.0f Enhanced LaTeX Graphics (DPC,SPQR)
 (/usr/local/texlive/2012/texmf-dist/tex/latex/graphics/keyval.sty
Package: keyval 1999/03/16 v1.13 key=value parser (DPC)
\KV@toks@=\toks16
) (/usr/local/texlive/2012/texmf-dist/tex/latex/graphics/graphics.sty
Package: graphics 2009/02/05 v1.0o Standard LaTeX Graphics (DPC,SPQR)
 (/usr/local/texlive/2012/texmf-dist/tex/latex/graphics/trig.sty
Package: trig 1999/03/16 v1.09 sin cos tan (DPC)
) (/usr/local/texlive/2012/texmf-dist/tex/latex/latexconfig/graphics.cfg
File: graphics.cfg 2010/04/23 v1.9 graphics configuration of TeX Live
)
Package graphics Info: Driver file: pdftex.def on input line 91.
 (/usr/local/texlive/2012/texmf-dist/tex/latex/pdftex-def/pdftex.def
File: pdftex.def 2011/05/27 v0.06d Graphics/color for pdfTeX
 (/usr/local/texlive/2012/texmf-dist/tex/generic/oberdiek/infwarerr.sty
Package: infwarerr 2010/04/08 v1.3 Providing info/warning/error messages (HO)
) (/usr/local/texlive/2012/texmf-dist/tex/generic/oberdiek/ltxcmds.sty
Package: ltxcmds 2011/11/09 v1.22 LaTeX kernel commands for general use (HO)
)
\Gread@gobject=\count94
))
\Gin@req@height=\dimen103
\Gin@req@width=\dimen104
) (/usr/local/texlive/2012/texmf-dist/tex/latex/graphics/lscape.sty
Package: lscape 2000/10/22 v3.01 Landscape Pages (DPC)
) (/usr/local/texlive/2012/texmf-dist/tex/latex/geometry/geometry.sty
Package: geometry 2010/09/12 v5.6 Page Geometry
 (/usr/local/texlive/2012/texmf-dist/tex/generic/oberdiek/ifpdf.sty
Package: ifpdf 2011/01/30 v2.3 Provides the ifpdf switch (HO)
Package ifpdf Info: pdfTeX in PDF mode is detected.
) (/usr/local/texlive/2012/texmf-dist/tex/generic/oberdiek/ifvtex.sty
Package: ifvtex 2010/03/01 v1.5 Detect VTeX and its facilities (HO)
Package ifvtex Info: VTeX not detected.
) (/usr/local/texlive/2012/texmf-dist/tex/generic/ifxetex/ifxetex.sty
Package: ifxetex 2010/09/12 v0.6 Provides ifxetex conditional
)
\Gm@cnth=\count95
\Gm@cntv=\count96
\c@Gm@tempcnt=\count97
\Gm@bindingoffset=\dimen105
\Gm@wd@mp=\dimen106
\Gm@odd@mp=\dimen107
\Gm@even@mp=\dimen108
\Gm@layoutwidth=\dimen109
\Gm@layoutheight=\dimen110
\Gm@layouthoffset=\dimen111
\Gm@layoutvoffset=\dimen112
\Gm@dimlist=\toks17
) (/usr/local/texlive/2012/texmf-dist/tex/latex/amsfonts/amssymb.sty
Package: amssymb 2009/06/22 v3.00
 (/usr/local/texlive/2012/texmf-dist/tex/latex/amsfonts/amsfonts.sty
Package: amsfonts 2009/06/22 v3.00 Basic AMSFonts support
\@emptytoks=\toks18
\symAMSa=\mathgroup4
\symAMSb=\mathgroup5
LaTeX Font Info:    Overwriting math alphabet `\mathfrak' in version `bold'
(Font)                  U/euf/m/n --> U/euf/b/n on input line 96.
)) (/usr/local/texlive/2012/texmf-dist/tex/latex/amsmath/amsmath.sty
Package: amsmath 2000/07/18 v2.13 AMS math features
\@mathmargin=\skip45

For additional information on amsmath, use the `?' option.
(/usr/local/texlive/2012/texmf-dist/tex/latex/amsmath/amstext.sty
Package: amstext 2000/06/29 v2.01
 (/usr/local/texlive/2012/texmf-dist/tex/latex/amsmath/amsgen.sty
File: amsgen.sty 1999/11/30 v2.0
\@emptytoks=\toks19
\ex@=\dimen113
)) (/usr/local/texlive/2012/texmf-dist/tex/latex/amsmath/amsbsy.sty
Package: amsbsy 1999/11/29 v1.2d
\pmbraise@=\dimen114
) (/usr/local/texlive/2012/texmf-dist/tex/latex/amsmath/amsopn.sty
Package: amsopn 1999/12/14 v2.01 operator names
)
\inf@bad=\count98
LaTeX Info: Redefining \frac on input line 211.
\uproot@=\count99
\leftroot@=\count100
LaTeX Info: Redefining \overline on input line 307.
\classnum@=\count101
\DOTSCASE@=\count102
LaTeX Info: Redefining \ldots on input line 379.
LaTeX Info: Redefining \dots on input line 382.
LaTeX Info: Redefining \cdots on input line 467.
\Mathstrutbox@=\box28
\strutbox@=\box29
\big@size=\dimen115
LaTeX Font Info:    Redeclaring font encoding OML on input line 567.
LaTeX Font Info:    Redeclaring font encoding OMS on input line 568.
\macc@depth=\count103
\c@MaxMatrixCols=\count104
\dotsspace@=\muskip10
\c@parentequation=\count105
\dspbrk@lvl=\count106
\tag@help=\toks20
\row@=\count107
\column@=\count108
\maxfields@=\count109
\andhelp@=\toks21
\eqnshift@=\dimen116
\alignsep@=\dimen117
\tagshift@=\dimen118
\tagwidth@=\dimen119
\totwidth@=\dimen120
\lineht@=\dimen121
\@envbody=\toks22
\multlinegap=\skip46
\multlinetaggap=\skip47
\mathdisplay@stack=\toks23
LaTeX Info: Redefining \[ on input line 2666.
LaTeX Info: Redefining \] on input line 2667.
)

LaTeX Warning: Unused global option(s):
    [manuscript].

No file TSWLatexianTemp_000132.aux.
\openout1 = `TSWLatexianTemp_000132.aux'.

LaTeX Font Info:    Checking defaults for OML/cmm/m/it on input line 15.
LaTeX Font Info:    ... okay on input line 15.
LaTeX Font Info:    Checking defaults for T1/cmr/m/n on input line 15.
LaTeX Font Info:    ... okay on input line 15.
LaTeX Font Info:    Checking defaults for OT1/cmr/m/n on input line 15.
LaTeX Font Info:    ... okay on input line 15.
LaTeX Font Info:    Checking defaults for OMS/cmsy/m/n on input line 15.
LaTeX Font Info:    ... okay on input line 15.
LaTeX Font Info:    Checking defaults for OMX/cmex/m/n on input line 15.
LaTeX Font Info:    ... okay on input line 15.
LaTeX Font Info:    Checking defaults for U/cmr/m/n on input line 15.
LaTeX Font Info:    ... okay on input line 15.
(/usr/local/texlive/2012/texmf-dist/tex/context/base/supp-pdf.mkii
[Loading MPS to PDF converter (version 2006.09.02).]
\scratchcounter=\count110
\scratchdimen=\dimen122
\scratchbox=\box30
\nofMPsegments=\count111
\nofMParguments=\count112
\everyMPshowfont=\toks24
\MPscratchCnt=\count113
\MPscratchDim=\dimen123
\MPnumerator=\count114
\makeMPintoPDFobject=\count115
\everyMPtoPDFconversion=\toks25
) (/usr/local/texlive/2012/texmf-dist/tex/generic/oberdiek/pdftexcmds.sty
Package: pdftexcmds 2011/11/29 v0.20 Utility functions of pdfTeX for LuaTeX (HO)
 (/usr/local/texlive/2012/texmf-dist/tex/generic/oberdiek/ifluatex.sty
Package: ifluatex 2010/03/01 v1.3 Provides the ifluatex switch (HO)
Package ifluatex Info: LuaTeX not detected.
)
Package pdftexcmds Info: LuaTeX not detected.
Package pdftexcmds Info: \pdf@primitive is available.
Package pdftexcmds Info: \pdf@ifprimitive is available.
Package pdftexcmds Info: \pdfdraftmode found.
) (/usr/local/texlive/2012/texmf-dist/tex/latex/oberdiek/epstopdf-base.sty
Package: epstopdf-base 2010/02/09 v2.5 Base part for package epstopdf
 (/usr/local/texlive/2012/texmf-dist/tex/latex/oberdiek/grfext.sty
Package: grfext 2010/08/19 v1.1 Manage graphics extensions (HO)
 (/usr/local/texlive/2012/texmf-dist/tex/generic/oberdiek/kvdefinekeys.sty
Package: kvdefinekeys 2011/04/07 v1.3 Define keys (HO)
)) (/usr/local/texlive/2012/texmf-dist/tex/latex/oberdiek/kvoptions.sty
Package: kvoptions 2011/06/30 v3.11 Key value format for package options (HO)
 (/usr/local/texlive/2012/texmf-dist/tex/generic/oberdiek/kvsetkeys.sty
Package: kvsetkeys 2012/04/25 v1.16 Key value parser (HO)
 (/usr/local/texlive/2012/texmf-dist/tex/generic/oberdiek/etexcmds.sty
Package: etexcmds 2011/02/16 v1.5 Avoid name clashes with e-TeX commands (HO)
Package etexcmds Info: Could not find \expanded.
(etexcmds)             That can mean that you are not using pdfTeX 1.50 or
(etexcmds)             that some package has redefined \expanded.
(etexcmds)             In the latter case, load this package earlier.
)))
Package grfext Info: Graphics extension search list:
(grfext)             [.png,.pdf,.jpg,.mps,.jpeg,.jbig2,.jb2,.PNG,.PDF,.JPG,.JPEG,.JBIG2,.JB2,.eps]
(grfext)             \AppendGraphicsExtensions on input line 452.
 (/usr/local/texlive/2012/texmf-dist/tex/latex/latexconfig/epstopdf-sys.cfg
File: epstopdf-sys.cfg 2010/07/13 v1.3 Configuration of (r)epstopdf for TeX Live
))
*geometry* driver: auto-detecting
*geometry* detected driver: pdftex
*geometry* verbose mode - [ preamble ] result:
* driver: pdftex
* paper: <default>
* layout: <same size as paper>
* layoutoffset:(h,v)=(0.0pt,0.0pt)
* modes: 
* h-part:(L,W,R)=(72.26999pt, 469.75502pt, 72.26999pt)
* v-part:(T,H,B)=(72.26999pt, 650.43001pt, 72.26999pt)
* \paperwidth=614.295pt
* \paperheight=794.96999pt
* \textwidth=469.75502pt
* \textheight=650.43001pt
* \oddsidemargin=0.0pt
* \evensidemargin=0.0pt
* \topmargin=-37.0pt
* \headheight=12.0pt
* \headsep=25.0pt
* \topskip=12.0pt
* \footskip=30.0pt
* \marginparwidth=44.0pt
* \marginparsep=10.0pt
* \columnsep=10.0pt
* \skip\footins=10.8pt plus 4.0pt minus 2.0pt
* \hoffset=0.0pt
* \voffset=0.0pt
* \mag=1000
* \@twocolumnfalse
* \@twosidefalse
* \@mparswitchfalse
* \@reversemarginfalse
* (1in=72.27pt=25.4mm, 1cm=28.453pt)

LaTeX Font Info:    Try loading font information for U+msa on input line 18.
(/usr/local/texlive/2012/texmf-dist/tex/latex/amsfonts/umsa.fd
File: umsa.fd 2009/06/22 v3.00 AMS symbols A
)
LaTeX Font Info:    Try loading font information for U+msb on input line 18.
 (/usr/local/texlive/2012/texmf-dist/tex/latex/amsfonts/umsb.fd
File: umsb.fd 2009/06/22 v3.00 AMS symbols B
)

LaTeX Warning: Citation `ac' on page 1 undefined on input line 22.


LaTeX Warning: Reference `eq:hydro' on page 1 undefined on input line 22.


LaTeX Warning: Reference `eq:com' on page 1 undefined on input line 22.


LaTeX Warning: Reference `eq:hydro' on page 1 undefined on input line 29.


LaTeX Warning: Reference `eq:poly' on page 1 undefined on input line 37.


LaTeX Warning: Reference `eq:hydro2' on page 1 undefined on input line 37.


LaTeX Warning: Reference `eq:hydro3' on page 1 undefined on input line 41.


LaTeX Warning: Citation `dina' on page 1 undefined on input line 41.


LaTeX Warning: Reference `eq:hydro3' on page 1 undefined on input line 41.


LaTeX Warning: Citation `lea' on page 1 undefined on input line 41.


LaTeX Warning: Citation `dina' on page 1 undefined on input line 41.

[1

{/usr/local/texlive/2012/texmf-var/fonts/map/pdftex/updmap/pdftex.map}]

LaTeX Warning: Reference `eq:hydro4' on page 2 undefined on input line 49.


LaTeX Warning: Reference `eq:hydro4' on page 2 undefined on input line 49.


LaTeX Warning: Citation `lea' on page 2 undefined on input line 57.


LaTeX Warning: Reference `eq:le' on page 2 undefined on input line 59.


LaTeX Warning: Reference `eq:lesf' on page 2 undefined on input line 66.


LaTeX Warning: Citation `lea' on page 2 undefined on input line 66.

[2]

LaTeX Warning: Reference `eq:frbForm' on page 3 undefined on input line 81.


LaTeX Warning: Reference `eq:phiD2' on page 3 undefined on input line 81.


LaTeX Warning: Reference `eq:lesf' on page 3 undefined on input line 81.


LaTeX Warning: Reference `eq:theta' on page 3 undefined on input line 94.

[3]

LaTeX Warning: Reference `f:lnEmdN=1' on page 4 undefined on input line 139.

Package epstopdf Info: Source file: <images/LanEmdNeq1.eps>
(epstopdf)                    date: 2012-11-14 21:47:05
(epstopdf)                    size: 2925762 bytes
(epstopdf)             Output file: <images/LanEmdNeq1-eps-converted-to.pdf>
(epstopdf)                    date: 2012-11-15 11:08:31
(epstopdf)                    size: 30291 bytes
(epstopdf)             Command: <epstopdf --outfile=images/LanEmdNeq1-eps-converted-to.pdf images/LanEmdNeq1.eps>
(epstopdf)             \includegraphics on input line 143.
Package epstopdf Info: Output file is already uptodate.
<images/LanEmdNeq1-eps-converted-to.pdf, id=30, 578.16pt x 433.62pt>
File: images/LanEmdNeq1-eps-converted-to.pdf Graphic file (type pdf)
 <use images/LanEmdNeq1-eps-converted-to.pdf>
Package pdftex.def Info: images/LanEmdNeq1-eps-converted-to.pdf used on input line 143.
(pdftex.def)             Requested size: 404.70924pt x 303.53192pt.


LaTeX Warning: Reference `eq:le' on page 4 undefined on input line 144.


LaTeX Warning: Reference `eq:le' on page 4 undefined on input line 144.


LaTeX Warning: `h' float specifier changed to `ht'.


LaTeX Warning: Reference `eq:sinc' on page 4 undefined on input line 148.


LaTeX Warning: Reference `eq:theta' on page 4 undefined on input line 148.


LaTeX Warning: Reference `f:grad' on page 4 undefined on input line 150.

Package epstopdf Info: Source file: <images/SlopePhi.eps>
(epstopdf)                    date: 2012-11-14 21:47:25
(epstopdf)                    size: 2925760 bytes
(epstopdf)             Output file: <images/SlopePhi-eps-converted-to.pdf>
(epstopdf)                    date: 2012-11-15 11:08:32
(epstopdf)                    size: 38795 bytes
(epstopdf)             Command: <epstopdf --outfile=images/SlopePhi-eps-converted-to.pdf images/SlopePhi.eps>
(epstopdf)             \includegraphics on input line 154.
Package epstopdf Info: Output file is already uptodate.
<images/SlopePhi-eps-converted-to.pdf, id=31, 578.16pt x 433.62pt>
File: images/SlopePhi-eps-converted-to.pdf Graphic file (type pdf)
 <use images/SlopePhi-eps-converted-to.pdf>
Package pdftex.def Info: images/SlopePhi-eps-converted-to.pdf used on input line 154.
(pdftex.def)             Requested size: 404.70924pt x 303.53192pt.


LaTeX Warning: Reference `eq:le' on page 4 undefined on input line 155.


LaTeX Warning: Reference `eq:le' on page 4 undefined on input line 155.


LaTeX Warning: `h' float specifier changed to `ht'.


LaTeX Warning: Reference `eq:hydro' on page 4 undefined on input line 158.

[4]

LaTeX Warning: Reference `f:grad' on page 5 undefined on input line 160.


LaTeX Warning: Reference `eq:frbForm' on page 5 undefined on input line 174.

[5 <./images/LanEmdNeq1-eps-converted-to.pdf>]

LaTeX Warning: Reference `eq:genseries' on page 6 undefined on input line 180.

[6 <./images/SlopePhi-eps-converted-to.pdf>]

LaTeX Warning: Reference `eq:lesf' on page 7 undefined on input line 204.


/Users/allangamboa/Documents/Courses/Fall2012/Theoretical785/LaneEndenProj/StuffPutTogether/TSWLatexianTemp_000132.tex:211: Package amsmath Error: Erroneous nesting of equation structures;
(amsmath)                trying to recover with `aligned'.

See the amsmath package documentation for explanation.
Type  H <return>  for immediate help.
 ...                                              
                                                  
l.211 \end{align}
                 
Try typing  <return>  to proceed.
If that doesn't work, type  X <return>  to quit.

/Users/allangamboa/Documents/Courses/Fall2012/Theoretical785/LaneEndenProj/StuffPutTogether/TSWLatexianTemp_000132.tex:211: Missing } inserted.
<inserted text> 
                }
l.211 \end{align}
                 
I've inserted something that you may have forgotten.
(See the <inserted text> above.)
With luck, this will get me unwedged. But if you
really didn't forget anything, try typing `2' now; then
my insertion and my current dilemma will both disappear.

/Users/allangamboa/Documents/Courses/Fall2012/Theoretical785/LaneEndenProj/StuffPutTogether/TSWLatexianTemp_000132.tex:211: Extra \right.
<argument> ... + 30a_6x^4 + \dots \right )\right .
                                                   &+ \\ \left ( 4a_2 + 8a_4x^2 + 12a_6x^4 + \dots \right ) &+ \\ \left ( a_0 + a_2x^2 + a_4x^4 + \dots \right )^n &= 0. 
l.211 \end{align}
                 
I'm ignoring a \right that had no matching \left.

/Users/allangamboa/Documents/Courses/Fall2012/Theoretical785/LaneEndenProj/StuffPutTogether/TSWLatexianTemp_000132.tex:211: Missing { inserted.
<inserted text> 
                {
l.211 \end{align}
                 
I've put in what seems to be necessary to fix
the current column of the current alignment.
Try to go on, since this might almost work.


LaTeX Warning: Reference `eq:gexseries' on page 7 undefined on input line 214.

[7]

LaTeX Warning: Citation `zill' on page 8 undefined on input line 260.


LaTeX Warning: Citation `blanch' on page 8 undefined on input line 264.

[8]

LaTeX Warning: Reference `eq:phinl' on page 9 undefined on input line 313.


LaTeX Warning: Reference `eq:phinl' on page 9 undefined on input line 317.


LaTeX Warning: Citation `lea' on page 9 undefined on input line 317.

Package epstopdf Info: Source file: <images/rk4plotn1.eps>
(epstopdf)                    date: 2012-11-13 20:38:58
(epstopdf)                    size: 19680 bytes
(epstopdf)             Output file: <images/rk4plotn1-eps-converted-to.pdf>
(epstopdf)                    date: 2012-11-15 11:08:32
(epstopdf)                    size: 10982 bytes
(epstopdf)             Command: <epstopdf --outfile=images/rk4plotn1-eps-converted-to.pdf images/rk4plotn1.eps>
(epstopdf)             \includegraphics on input line 333.
Package epstopdf Info: Output file is already uptodate.
<images/rk4plotn1-eps-converted-to.pdf, id=54, 578.16pt x 433.62pt>
File: images/rk4plotn1-eps-converted-to.pdf Graphic file (type pdf)
 <use images/rk4plotn1-eps-converted-to.pdf>
Package pdftex.def Info: images/rk4plotn1-eps-converted-to.pdf used on input line 333.
(pdftex.def)             Requested size: 335.33302pt x 251.49977pt.
 [9]
Package epstopdf Info: Source file: <images/rk4plot.eps>
(epstopdf)                    date: 2012-11-11 09:24:55
(epstopdf)                    size: 31466 bytes
(epstopdf)             Output file: <images/rk4plot-eps-converted-to.pdf>
(epstopdf)                    date: 2012-11-15 11:08:32
(epstopdf)                    size: 16478 bytes
(epstopdf)             Command: <epstopdf --outfile=images/rk4plot-eps-converted-to.pdf images/rk4plot.eps>
(epstopdf)             \includegraphics on input line 342.
Package epstopdf Info: Output file is already uptodate.
 <images/rk4plot-eps-converted-to.pdf, id=58, 578.16pt x 433.62pt>
File: images/rk4plot-eps-converted-to.pdf Graphic file (type pdf)
 <use images/rk4plot-eps-converted-to.pdf>
Package pdftex.def Info: images/rk4plot-eps-converted-to.pdf used on input line 342.
(pdftex.def)             Requested size: 335.33302pt x 251.49977pt.
 [10 <./images/rk4plotn1-eps-converted-to.pdf>]

LaTeX Warning: Reference `eq:algor' on page 11 undefined on input line 347.


LaTeX Warning: Reference `fig:numplot1' on page 11 undefined on input line 347.


LaTeX Warning: Reference `fig:diffn1' on page 11 undefined on input line 349.


LaTeX Warning: Reference `tab:diff' on page 11 undefined on input line 349.

Package epstopdf Info: Source file: <images/diffn1.eps>
(epstopdf)                    date: 2012-11-14 21:02:20
(epstopdf)                    size: 27264 bytes
(epstopdf)             Output file: <images/diffn1-eps-converted-to.pdf>
(epstopdf)                    date: 2012-11-15 11:08:32
(epstopdf)                    size: 13493 bytes
(epstopdf)             Command: <epstopdf --outfile=images/diffn1-eps-converted-to.pdf images/diffn1.eps>
(epstopdf)             \includegraphics on input line 352.
Package epstopdf Info: Output file is already uptodate.
<images/diffn1-eps-converted-to.pdf, id=64, 578.16pt x 433.62pt>
File: images/diffn1-eps-converted-to.pdf Graphic file (type pdf)
 <use images/diffn1-eps-converted-to.pdf>
Package pdftex.def Info: images/diffn1-eps-converted-to.pdf used on input line 352.
(pdftex.def)             Requested size: 346.89867pt x 260.17401pt.
 (./images/diff.txt [11 <./images/rk4plot-eps-converted-to.pdf>])

LaTeX Warning: Reference `fig:3term' on page 12 undefined on input line 358.

Package epstopdf Info: Source file: <images/3term_n1.eps>
(epstopdf)                    date: 2012-11-15 00:27:31
(epstopdf)                    size: 21882 bytes
(epstopdf)             Output file: <images/3term_n1-eps-converted-to.pdf>
(epstopdf)                    date: 2012-11-15 11:08:32
(epstopdf)                    size: 11827 bytes
(epstopdf)             Command: <epstopdf --outfile=images/3term_n1-eps-converted-to.pdf images/3term_n1.eps>
(epstopdf)             \includegraphics on input line 361.
Package epstopdf Info: Output file is already uptodate.
<images/3term_n1-eps-converted-to.pdf, id=70, 578.16pt x 433.62pt>
File: images/3term_n1-eps-converted-to.pdf Graphic file (type pdf)
 <use images/3term_n1-eps-converted-to.pdf>
Package pdftex.def Info: images/3term_n1-eps-converted-to.pdf used on input line 361.
(pdftex.def)             Requested size: 346.89867pt x 260.17401pt.
 [12 <./images/diffn1-eps-converted-to.pdf>] (./images/rk4letable.txt [13 <./images/3term_n1-eps-converted-to.pdf>]
Overfull \hbox (27.12724pt too wide) in paragraph at lines 6--83
 [] 
 []

[14

]) (./images/rk4letable2.txt
Overfull \hbox (42.12729pt too wide) in paragraph at lines 6--83
 [] 
 []

[15


])
Overfull \hbox (30.42023pt too wide) in paragraph at lines 454--454
[]\OT1/cmtt/m/n/12 #pyplot.plot([0,0],[min(phi)+.7*min(phi),max(phi)+.2*max(phi)],'--k',linewidth=2)[] 
 []

[16

] [17] [18] [19]
No file TSWLatexianTemp_000132.bbl.
[20] (./TSWLatexianTemp_000132.aux)

LaTeX Warning: There were undefined references.


LaTeX Warning: Label(s) may have changed. Rerun to get cross-references right.

 ) 
Here is how much of TeX's memory you used:
 3240 strings out of 493488
 44629 string characters out of 3141326
 115207 words of memory out of 3000000
 6471 multiletter control sequences out of 15000+200000
 15760 words of font info for 61 fonts, out of 3000000 for 9000
 957 hyphenation exceptions out of 8191
 38i,19n,32p,922b,352s stack positions out of 5000i,500n,10000p,200000b,50000s
</usr/local/texlive/2012/texmf-dist/fonts/type1/public/amsfonts/cm/cmbx10.pfb></usr/local/texlive/2012/texmf-dist/fonts/type1/public/amsfonts/cm/cmbx12.pfb></usr/local/texlive/2012/texmf-dist/fonts/type1/public/amsfonts/cm/cmcsc10.pfb></usr/local/texlive/2012/texmf-dist/fonts/type1/public/amsfonts/cm/cmex10.pfb></usr/local/texlive/2012/texmf-dist/fonts/type1/public/amsfonts/cm/cmmi10.pfb></usr/local/texlive/2012/texmf-dist/fonts/type1/public/amsfonts/cm/cmmi12.pfb></usr/local/texlive/2012/texmf-dist/fonts/type1/public/amsfonts/cm/cmmi8.pfb></usr/local/texlive/2012/texmf-dist/fonts/type1/public/amsfonts/cm/cmr10.pfb></usr/local/texlive/2012/texmf-dist/fonts/type1/public/amsfonts/cm/cmr12.pfb></usr/local/texlive/2012/texmf-dist/fonts/type1/public/amsfonts/cm/cmr17.pfb></usr/local/texlive/2012/texmf-dist/fonts/type1/public/amsfonts/cm/cmr6.pfb></usr/local/texlive/2012/texmf-dist/fonts/type1/public/amsfonts/cm/cmr7.pfb></usr/local/texlive/2012/texmf-dist/fonts/type1/public/amsfonts/cm/cmr8.pfb></usr/local/texlive/2012/texmf-dist/fonts/type1/public/amsfonts/cm/cmsy10.pfb></usr/local/texlive/2012/texmf-dist/fonts/type1/public/amsfonts/cm/cmsy6.pfb></usr/local/texlive/2012/texmf-dist/fonts/type1/public/amsfonts/cm/cmsy8.pfb></usr/local/texlive/2012/texmf-dist/fonts/type1/public/amsfonts/cm/cmti10.pfb></usr/local/texlive/2012/texmf-dist/fonts/type1/public/amsfonts/cm/cmti12.pfb></usr/local/texlive/2012/texmf-dist/fonts/type1/public/amsfonts/cm/cmtt12.pfb>
Output written on TSWLatexianTemp_000132.pdf (20 pages, 356347 bytes).
PDF statistics:
 166 PDF objects out of 1000 (max. 8388607)
 115 compressed objects within 2 object streams
 0 named destinations out of 1000 (max. 500000)
 31 words of extra memory for PDF output out of 10000 (max. 10000000)

